Application Builder Log File - BEGIN Mon Jan 31 08:40:31 CET 2011
------------------------------
___ Application Builder V5.0 ___

CHECKING REPOSITORY
Repository OK
GENERATING APPLICATION FOR JBOSS

ADDING "/home/ehugonnet/NetBeansProjects/izpack-installer/src/main/resources/package/silverpeas-5.5/repository/client/admin-5.5-client.jar: " of type "CLIENT"
merging libraries
merging client part
adding EJBs

ADDING "/home/ehugonnet/NetBeansProjects/izpack-installer/src/main/resources/package/silverpeas-5.5/repository/client/almanach-ejb-5.5-client.jar: " of type "CLIENT"
merging libraries
merging client part
adding EJBs

ADDING "/home/ehugonnet/NetBeansProjects/izpack-installer/src/main/resources/package/silverpeas-5.5/repository/client/authentication-5.5-client.jar: " of type "CLIENT"
merging libraries
merging client part
adding EJBs

ADDING "/home/ehugonnet/NetBeansProjects/izpack-installer/src/main/resources/package/silverpeas-5.5/repository/client/blog-ejb-5.5-client.jar: " of type "CLIENT"
merging libraries
merging client part
adding EJBs

ADDING "/home/ehugonnet/NetBeansProjects/izpack-installer/src/main/resources/package/silverpeas-5.5/repository/client/calendar-5.5-client.jar: " of type "CLIENT"
merging libraries
merging client part
adding EJBs

ADDING "/home/ehugonnet/NetBeansProjects/izpack-installer/src/main/resources/package/silverpeas-5.5/repository/client/classifieds-ejb-5.5-client.jar: " of type "CLIENT"
merging libraries
merging client part
adding EJBs

ADDING "/home/ehugonnet/NetBeansProjects/izpack-installer/src/main/resources/package/silverpeas-5.5/repository/client/clipboard-5.5-client.jar: " of type "CLIENT"
merging libraries
merging client part
adding EJBs

ADDING "/home/ehugonnet/NetBeansProjects/izpack-installer/src/main/resources/package/silverpeas-5.5/repository/client/contact-5.5-client.jar: " of type "CLIENT"
merging libraries
merging client part
adding EJBs

ADDING "/home/ehugonnet/NetBeansProjects/izpack-installer/src/main/resources/package/silverpeas-5.5/repository/client/favorit-5.5-client.jar: " of type "CLIENT"
merging libraries
merging client part
adding EJBs

ADDING "/home/ehugonnet/NetBeansProjects/izpack-installer/src/main/resources/package/silverpeas-5.5/repository/client/formtemplate-5.5-client.jar: " of type "CLIENT"
merging libraries
merging client part
adding EJBs

ADDING "/home/ehugonnet/NetBeansProjects/izpack-installer/src/main/resources/package/silverpeas-5.5/repository/client/forums-ejb-5.5-client.jar: " of type "CLIENT"
merging libraries
merging client part
adding EJBs

ADDING "/home/ehugonnet/NetBeansProjects/izpack-installer/src/main/resources/package/silverpeas-5.5/repository/client/gallery-ejb-5.5-client.jar: " of type "CLIENT"
merging libraries
merging client part
adding EJBs

ADDING "/home/ehugonnet/NetBeansProjects/izpack-installer/src/main/resources/package/silverpeas-5.5/repository/client/jdbc-connector-ejb-5.5-client.jar: " of type "CLIENT"
merging libraries
merging client part
adding EJBs

ADDING "/home/ehugonnet/NetBeansProjects/izpack-installer/src/main/resources/package/silverpeas-5.5/repository/client/kmelia-ejb-5.5-client.jar: " of type "CLIENT"
merging libraries
merging client part
adding EJBs

ADDING "/home/ehugonnet/NetBeansProjects/izpack-installer/src/main/resources/package/silverpeas-5.5/repository/client/mydb-ejb-5.5-client.jar: " of type "CLIENT"
merging libraries
merging client part
adding EJBs

ADDING "/home/ehugonnet/NetBeansProjects/izpack-installer/src/main/resources/package/silverpeas-5.5/repository/client/mylinks-5.5-client.jar: " of type "CLIENT"
merging libraries
merging client part
adding EJBs

ADDING "/home/ehugonnet/NetBeansProjects/izpack-installer/src/main/resources/package/silverpeas-5.5/repository/client/node-5.5-client.jar: " of type "CLIENT"
merging libraries
merging client part
adding EJBs

ADDING "/home/ehugonnet/NetBeansProjects/izpack-installer/src/main/resources/package/silverpeas-5.5/repository/client/notation-5.5-client.jar: " of type "CLIENT"
merging libraries
merging client part
adding EJBs

ADDING "/home/ehugonnet/NetBeansProjects/izpack-installer/src/main/resources/package/silverpeas-5.5/repository/client/pdc-5.5-client.jar: " of type "CLIENT"
merging libraries
merging client part
adding EJBs

ADDING "/home/ehugonnet/NetBeansProjects/izpack-installer/src/main/resources/package/silverpeas-5.5/repository/client/personalization-5.5-client.jar: " of type "CLIENT"
merging libraries
merging client part
adding EJBs

ADDING "/home/ehugonnet/NetBeansProjects/izpack-installer/src/main/resources/package/silverpeas-5.5/repository/client/process-manager-ejb-5.5-client.jar: " of type "CLIENT"
merging libraries
merging client part
adding EJBs

ADDING "/home/ehugonnet/NetBeansProjects/izpack-installer/src/main/resources/package/silverpeas-5.5/repository/client/project-manager-ejb-5.5-client.jar: " of type "CLIENT"
merging libraries
merging client part
adding EJBs

ADDING "/home/ehugonnet/NetBeansProjects/izpack-installer/src/main/resources/package/silverpeas-5.5/repository/client/publication-5.5-client.jar: " of type "CLIENT"
merging libraries
merging client part
adding EJBs

ADDING "/home/ehugonnet/NetBeansProjects/izpack-installer/src/main/resources/package/silverpeas-5.5/repository/client/questioncontainer-5.5-client.jar: " of type "CLIENT"
merging libraries
merging client part
adding EJBs

ADDING "/home/ehugonnet/NetBeansProjects/izpack-installer/src/main/resources/package/silverpeas-5.5/repository/client/resources-manager-ejb-5.5-client.jar: " of type "CLIENT"
merging libraries
merging client part
adding EJBs

ADDING "/home/ehugonnet/NetBeansProjects/izpack-installer/src/main/resources/package/silverpeas-5.5/repository/client/searchengine-5.5-client.jar: " of type "CLIENT"
merging libraries
merging client part
adding EJBs

ADDING "/home/ehugonnet/NetBeansProjects/izpack-installer/src/main/resources/package/silverpeas-5.5/repository/client/silverstatistics-5.5-client.jar: " of type "CLIENT"
merging libraries
merging client part
adding EJBs

ADDING "/home/ehugonnet/NetBeansProjects/izpack-installer/src/main/resources/package/silverpeas-5.5/repository/client/statistic-5.5-client.jar: " of type "CLIENT"
merging libraries
merging client part
adding EJBs

ADDING "/home/ehugonnet/NetBeansProjects/izpack-installer/src/main/resources/package/silverpeas-5.5/repository/client/tagcloud-5.5-client.jar: " of type "CLIENT"
merging libraries
merging client part
adding EJBs

ADDING "/home/ehugonnet/NetBeansProjects/izpack-installer/src/main/resources/package/silverpeas-5.5/repository/client/versioning-5.5-client.jar: " of type "CLIENT"
merging libraries
merging client part
adding EJBs

ADDING "/home/ehugonnet/NetBeansProjects/izpack-installer/src/main/resources/package/silverpeas-5.5/repository/client/websites-ejb-5.5-client.jar: " of type "CLIENT"
merging libraries
merging client part
adding EJBs

ADDING "/home/ehugonnet/NetBeansProjects/izpack-installer/src/main/resources/package/silverpeas-5.5/repository/client/yellowpages-ejb-5.5-client.jar: " of type "CLIENT"
merging libraries
merging client part
adding EJBs

ADDING "/home/ehugonnet/NetBeansProjects/izpack-installer/src/main/resources/package/silverpeas-5.5/repository/ejb/admin-5.5.jar: /home/ehugonnet/NetBeansProjects/izpack-installer/src/main/resources/package/silverpeas-5.5/repository/ejb/almanach-ejb-5.5.jar: /home/ehugonnet/NetBeansProjects/izpack-installer/src/main/resources/package/silverpeas-5.5/repository/ejb/authentication-5.5.jar: /home/ehugonnet/NetBeansProjects/izpack-installer/src/main/resources/package/silverpeas-5.5/repository/ejb/blog-ejb-5.5.jar: /home/ehugonnet/NetBeansProjects/izpack-installer/src/main/resources/package/silverpeas-5.5/repository/ejb/calendar-5.5.jar: /home/ehugonnet/NetBeansProjects/izpack-installer/src/main/resources/package/silverpeas-5.5/repository/ejb/channels-5.5.jar: /home/ehugonnet/NetBeansProjects/izpack-installer/src/main/resources/package/silverpeas-5.5/repository/ejb/classifieds-ejb-5.5.jar: /home/ehugonnet/NetBeansProjects/izpack-installer/src/main/resources/package/silverpeas-5.5/repository/ejb/clipboard-5.5.jar: /home/ehugonnet/NetBeansProjects/izpack-installer/src/main/resources/package/silverpeas-5.5/repository/ejb/contact-5.5.jar: /home/ehugonnet/NetBeansProjects/izpack-installer/src/main/resources/package/silverpeas-5.5/repository/ejb/favorit-5.5.jar: /home/ehugonnet/NetBeansProjects/izpack-installer/src/main/resources/package/silverpeas-5.5/repository/ejb/formtemplate-5.5.jar: /home/ehugonnet/NetBeansProjects/izpack-installer/src/main/resources/package/silverpeas-5.5/repository/ejb/forums-ejb-5.5.jar: /home/ehugonnet/NetBeansProjects/izpack-installer/src/main/resources/package/silverpeas-5.5/repository/ejb/gallery-ejb-5.5.jar: /home/ehugonnet/NetBeansProjects/izpack-installer/src/main/resources/package/silverpeas-5.5/repository/ejb/jdbc-connector-ejb-5.5.jar: /home/ehugonnet/NetBeansProjects/izpack-installer/src/main/resources/package/silverpeas-5.5/repository/ejb/kmelia-ejb-5.5.jar: /home/ehugonnet/NetBeansProjects/izpack-installer/src/main/resources/package/silverpeas-5.5/repository/ejb/mydb-ejb-5.5.jar: /home/ehugonnet/NetBeansProjects/izpack-installer/src/main/resources/package/silverpeas-5.5/repository/ejb/mylinks-5.5.jar: /home/ehugonnet/NetBeansProjects/izpack-installer/src/main/resources/package/silverpeas-5.5/repository/ejb/node-5.5.jar: /home/ehugonnet/NetBeansProjects/izpack-installer/src/main/resources/package/silverpeas-5.5/repository/ejb/notation-5.5.jar: /home/ehugonnet/NetBeansProjects/izpack-installer/src/main/resources/package/silverpeas-5.5/repository/ejb/pdc-5.5.jar: /home/ehugonnet/NetBeansProjects/izpack-installer/src/main/resources/package/silverpeas-5.5/repository/ejb/personalization-5.5.jar: /home/ehugonnet/NetBeansProjects/izpack-installer/src/main/resources/package/silverpeas-5.5/repository/ejb/process-manager-ejb-5.5.jar: /home/ehugonnet/NetBeansProjects/izpack-installer/src/main/resources/package/silverpeas-5.5/repository/ejb/project-manager-ejb-5.5.jar: /home/ehugonnet/NetBeansProjects/izpack-installer/src/main/resources/package/silverpeas-5.5/repository/ejb/publication-5.5.jar: /home/ehugonnet/NetBeansProjects/izpack-installer/src/main/resources/package/silverpeas-5.5/repository/ejb/questioncontainer-5.5.jar: /home/ehugonnet/NetBeansProjects/izpack-installer/src/main/resources/package/silverpeas-5.5/repository/ejb/resources-manager-ejb-5.5.jar: /home/ehugonnet/NetBeansProjects/izpack-installer/src/main/resources/package/silverpeas-5.5/repository/ejb/searchengine-5.5.jar: /home/ehugonnet/NetBeansProjects/izpack-installer/src/main/resources/package/silverpeas-5.5/repository/ejb/silverstatistics-5.5.jar: /home/ehugonnet/NetBeansProjects/izpack-installer/src/main/resources/package/silverpeas-5.5/repository/ejb/statistic-5.5.jar: /home/ehugonnet/NetBeansProjects/izpack-installer/src/main/resources/package/silverpeas-5.5/repository/ejb/tagcloud-5.5.jar: /home/ehugonnet/NetBeansProjects/izpack-installer/src/main/resources/package/silverpeas-5.5/repository/ejb/versioning-5.5.jar: /home/ehugonnet/NetBeansProjects/izpack-installer/src/main/resources/package/silverpeas-5.5/repository/ejb/websites-ejb-5.5.jar: /home/ehugonnet/NetBeansProjects/izpack-installer/src/main/resources/package/silverpeas-5.5/repository/ejb/yellowpages-ejb-5.5.jar: " of type "WAR"
merging libraries
adding EJBs

ADDING "/home/ehugonnet/NetBeansProjects/izpack-installer/src/main/resources/package/silverpeas-5.5/repository/java/activation-1.1.jar: /home/ehugonnet/NetBeansProjects/izpack-installer/src/main/resources/package/silverpeas-5.5/repository/java/antlr-2.7.6.jar: /home/ehugonnet/NetBeansProjects/izpack-installer/src/main/resources/package/silverpeas-5.5/repository/java/aopalliance-1.0.jar: /home/ehugonnet/NetBeansProjects/izpack-installer/src/main/resources/package/silverpeas-5.5/repository/java/asm-1.5.3.jar: /home/ehugonnet/NetBeansProjects/izpack-installer/src/main/resources/package/silverpeas-5.5/repository/java/asm-attrs-1.5.3.jar: /home/ehugonnet/NetBeansProjects/izpack-installer/src/main/resources/package/silverpeas-5.5/repository/java/aspectjrt-1.6.1.jar: /home/ehugonnet/NetBeansProjects/izpack-installer/src/main/resources/package/silverpeas-5.5/repository/java/aspectjweaver-1.6.1.jar: /home/ehugonnet/NetBeansProjects/izpack-installer/src/main/resources/package/silverpeas-5.5/repository/java/bcmail-jdk16-140.jar: /home/ehugonnet/NetBeansProjects/izpack-installer/src/main/resources/package/silverpeas-5.5/repository/java/bcprov-jdk16-140.jar: /home/ehugonnet/NetBeansProjects/izpack-installer/src/main/resources/package/silverpeas-5.5/repository/java/castor-1.2.jar: /home/ehugonnet/NetBeansProjects/izpack-installer/src/main/resources/package/silverpeas-5.5/repository/java/castor-jdo-1.2.jar: /home/ehugonnet/NetBeansProjects/izpack-installer/src/main/resources/package/silverpeas-5.5/repository/java/ccpp-1.0.jar: /home/ehugonnet/NetBeansProjects/izpack-installer/src/main/resources/package/silverpeas-5.5/repository/java/cglib-2.1_3.jar: /home/ehugonnet/NetBeansProjects/izpack-installer/src/main/resources/package/silverpeas-5.5/repository/java/cglib-nodep-2.1_3.jar: /home/ehugonnet/NetBeansProjects/izpack-installer/src/main/resources/package/silverpeas-5.5/repository/java/chat-jar-5.5.jar: /home/ehugonnet/NetBeansProjects/izpack-installer/src/main/resources/package/silverpeas-5.5/repository/java/comment-5.5.jar: /home/ehugonnet/NetBeansProjects/izpack-installer/src/main/resources/package/silverpeas-5.5/repository/java/commons-beanutils-1.8.2.jar: /home/ehugonnet/NetBeansProjects/izpack-installer/src/main/resources/package/silverpeas-5.5/repository/java/commons-codec-1.4.jar: /home/ehugonnet/NetBeansProjects/izpack-installer/src/main/resources/package/silverpeas-5.5/repository/java/commons-collections-3.2.1.jar: /home/ehugonnet/NetBeansProjects/izpack-installer/src/main/resources/package/silverpeas-5.5/repository/java/commons-compress-1.0.jar: /home/ehugonnet/NetBeansProjects/izpack-installer/src/main/resources/package/silverpeas-5.5/repository/java/commons-dbcp-1.2.2.jar: /home/ehugonnet/NetBeansProjects/izpack-installer/src/main/resources/package/silverpeas-5.5/repository/java/commons-fileupload-1.2.1.jar: /home/ehugonnet/NetBeansProjects/izpack-installer/src/main/resources/package/silverpeas-5.5/repository/java/commons-httpclient-3.1.jar: /home/ehugonnet/NetBeansProjects/izpack-installer/src/main/resources/package/silverpeas-5.5/repository/java/commons-io-2.0.jar: /home/ehugonnet/NetBeansProjects/izpack-installer/src/main/resources/package/silverpeas-5.5/repository/java/commons-lang-2.3.jar: /home/ehugonnet/NetBeansProjects/izpack-installer/src/main/resources/package/silverpeas-5.5/repository/java/commons-logging-99.0-does-not-exist.jar: /home/ehugonnet/NetBeansProjects/izpack-installer/src/main/resources/package/silverpeas-5.5/repository/java/commons-pool-1.4.jar: /home/ehugonnet/NetBeansProjects/izpack-installer/src/main/resources/package/silverpeas-5.5/repository/java/concurrent-1.3.4.jar: /home/ehugonnet/NetBeansProjects/izpack-installer/src/main/resources/package/silverpeas-5.5/repository/java/container-2.0.jar: /home/ehugonnet/NetBeansProjects/izpack-installer/src/main/resources/package/silverpeas-5.5/repository/java/cryptolib-1.0.jar: /home/ehugonnet/NetBeansProjects/izpack-installer/src/main/resources/package/silverpeas-5.5/repository/java/dom4j-1.6.1.jar: /home/ehugonnet/NetBeansProjects/izpack-installer/src/main/resources/package/silverpeas-5.5/repository/java/ecs-1.4.2.jar: /home/ehugonnet/NetBeansProjects/izpack-installer/src/main/resources/package/silverpeas-5.5/repository/java/ehcache-1.3.0.jar: /home/ehugonnet/NetBeansProjects/izpack-installer/src/main/resources/package/silverpeas-5.5/repository/java/fontbox-1.1.0.jar: /home/ehugonnet/NetBeansProjects/izpack-installer/src/main/resources/package/silverpeas-5.5/repository/java/formsonline-jar-5.5.jar: /home/ehugonnet/NetBeansProjects/izpack-installer/src/main/resources/package/silverpeas-5.5/repository/java/freshcookies-security-0.60.jar: /home/ehugonnet/NetBeansProjects/izpack-installer/src/main/resources/package/silverpeas-5.5/repository/java/guava-r07.jar: /home/ehugonnet/NetBeansProjects/izpack-installer/src/main/resources/package/silverpeas-5.5/repository/java/hibernate-3.2.6.ga.jar: /home/ehugonnet/NetBeansProjects/izpack-installer/src/main/resources/package/silverpeas-5.5/repository/java/hyperlink-jar-5.5.jar: /home/ehugonnet/NetBeansProjects/izpack-installer/src/main/resources/package/silverpeas-5.5/repository/java/ical4j-1.0-rc2.jar: /home/ehugonnet/NetBeansProjects/izpack-installer/src/main/resources/package/silverpeas-5.5/repository/java/icu4j-4.4.jar: /home/ehugonnet/NetBeansProjects/izpack-installer/src/main/resources/package/silverpeas-5.5/repository/java/importExport-5.5.jar: /home/ehugonnet/NetBeansProjects/izpack-installer/src/main/resources/package/silverpeas-5.5/repository/java/infoletter-jar-5.5.jar: /home/ehugonnet/NetBeansProjects/izpack-installer/src/main/resources/package/silverpeas-5.5/repository/java/informa-0.6.5-silverpeas.jar: /home/ehugonnet/NetBeansProjects/izpack-installer/src/main/resources/package/silverpeas-5.5/repository/java/itext-2.1.5.jar: /home/ehugonnet/NetBeansProjects/izpack-installer/src/main/resources/package/silverpeas-5.5/repository/java/jChatBox-2.6.jar: /home/ehugonnet/NetBeansProjects/izpack-installer/src/main/resources/package/silverpeas-5.5/repository/java/jackrabbit-api-1.6.4.jar: /home/ehugonnet/NetBeansProjects/izpack-installer/src/main/resources/package/silverpeas-5.5/repository/java/jackrabbit-core-1.6.4.jar: /home/ehugonnet/NetBeansProjects/izpack-installer/src/main/resources/package/silverpeas-5.5/repository/java/jackrabbit-jcr-commons-1.6.4.jar: /home/ehugonnet/NetBeansProjects/izpack-installer/src/main/resources/package/silverpeas-5.5/repository/java/jackrabbit-jcr-rmi-1.5.0.jar: /home/ehugonnet/NetBeansProjects/izpack-installer/src/main/resources/package/silverpeas-5.5/repository/java/jackrabbit-jcr-server-1.6.4.jar: /home/ehugonnet/NetBeansProjects/izpack-installer/src/main/resources/package/silverpeas-5.5/repository/java/jackrabbit-spi-1.6.4.jar: /home/ehugonnet/NetBeansProjects/izpack-installer/src/main/resources/package/silverpeas-5.5/repository/java/jackrabbit-spi-commons-1.6.4.jar: /home/ehugonnet/NetBeansProjects/izpack-installer/src/main/resources/package/silverpeas-5.5/repository/java/jackrabbit-text-extractors-1.6.4.jar: /home/ehugonnet/NetBeansProjects/izpack-installer/src/main/resources/package/silverpeas-5.5/repository/java/jackrabbit-webdav-1.6.4.jar: /home/ehugonnet/NetBeansProjects/izpack-installer/src/main/resources/package/silverpeas-5.5/repository/java/java-portlet-container-2.0.jar: /home/ehugonnet/NetBeansProjects/izpack-installer/src/main/resources/package/silverpeas-5.5/repository/java/jaxen-1.1.1.jar: /home/ehugonnet/NetBeansProjects/izpack-installer/src/main/resources/package/silverpeas-5.5/repository/java/jcharts-0.7.5.jar: /home/ehugonnet/NetBeansProjects/izpack-installer/src/main/resources/package/silverpeas-5.5/repository/java/jcl-over-slf4j-1.5.6.jar: /home/ehugonnet/NetBeansProjects/izpack-installer/src/main/resources/package/silverpeas-5.5/repository/java/jcr-1.0.jar: /home/ehugonnet/NetBeansProjects/izpack-installer/src/main/resources/package/silverpeas-5.5/repository/java/jdom-1.1.1.jar: /home/ehugonnet/NetBeansProjects/izpack-installer/src/main/resources/package/silverpeas-5.5/repository/java/jempbox-1.1.0.jar: /home/ehugonnet/NetBeansProjects/izpack-installer/src/main/resources/package/silverpeas-5.5/repository/java/jericho-html-2.5.jar: /home/ehugonnet/NetBeansProjects/izpack-installer/src/main/resources/package/silverpeas-5.5/repository/java/jldap-4.3.jar: /home/ehugonnet/NetBeansProjects/izpack-installer/src/main/resources/package/silverpeas-5.5/repository/java/jrcs-diff-0.2.jar: /home/ehugonnet/NetBeansProjects/izpack-installer/src/main/resources/package/silverpeas-5.5/repository/java/json-rpc-1.0.jar: /home/ehugonnet/NetBeansProjects/izpack-installer/src/main/resources/package/silverpeas-5.5/repository/java/jspwiki_silverpeas-2.8.1.jar: /home/ehugonnet/NetBeansProjects/izpack-installer/src/main/resources/package/silverpeas-5.5/repository/java/jsr107cache-1.0.jar: /home/ehugonnet/NetBeansProjects/izpack-installer/src/main/resources/package/silverpeas-5.5/repository/java/jta-1.0.1B.jar: /home/ehugonnet/NetBeansProjects/izpack-installer/src/main/resources/package/silverpeas-5.5/repository/java/jtds-1.2.2.jar: /home/ehugonnet/NetBeansProjects/izpack-installer/src/main/resources/package/silverpeas-5.5/repository/java/lib-core-5.5.jar: /home/ehugonnet/NetBeansProjects/izpack-installer/src/main/resources/package/silverpeas-5.5/repository/java/log4j-1.2.15.jar: /home/ehugonnet/NetBeansProjects/izpack-installer/src/main/resources/package/silverpeas-5.5/repository/java/lucene-analyzers-2.4.1.jar: /home/ehugonnet/NetBeansProjects/izpack-installer/src/main/resources/package/silverpeas-5.5/repository/java/lucene-core-2.4.1.jar: /home/ehugonnet/NetBeansProjects/izpack-installer/src/main/resources/package/silverpeas-5.5/repository/java/lucene-spellchecker-2.4.1.jar: /home/ehugonnet/NetBeansProjects/izpack-installer/src/main/resources/package/silverpeas-5.5/repository/java/mailinglist-jar-5.5.jar: /home/ehugonnet/NetBeansProjects/izpack-installer/src/main/resources/package/silverpeas-5.5/repository/java/metadata-extractor-2.4.0-beta-1.jar: /home/ehugonnet/NetBeansProjects/izpack-installer/src/main/resources/package/silverpeas-5.5/repository/java/nekohtml-1.9.7.jar: /home/ehugonnet/NetBeansProjects/izpack-installer/src/main/resources/package/silverpeas-5.5/repository/java/newsedito-jar-5.5.jar: /home/ehugonnet/NetBeansProjects/izpack-installer/src/main/resources/package/silverpeas-5.5/repository/java/oro-2.0.8.jar: /home/ehugonnet/NetBeansProjects/izpack-installer/src/main/resources/package/silverpeas-5.5/repository/java/oscache-2.4.jar: /home/ehugonnet/NetBeansProjects/izpack-installer/src/main/resources/package/silverpeas-5.5/repository/java/pdfbox-1.1.0.jar: /home/ehugonnet/NetBeansProjects/izpack-installer/src/main/resources/package/silverpeas-5.5/repository/java/poi-3.2-FINAL.jar: /home/ehugonnet/NetBeansProjects/izpack-installer/src/main/resources/package/silverpeas-5.5/repository/java/poi-scratchpad-3.2-FINAL.jar: /home/ehugonnet/NetBeansProjects/izpack-installer/src/main/resources/package/silverpeas-5.5/repository/java/portlet-api-2.0.jar: /home/ehugonnet/NetBeansProjects/izpack-installer/src/main/resources/package/silverpeas-5.5/repository/java/postgresql-8.3-603.jdbc3.jar: /home/ehugonnet/NetBeansProjects/izpack-installer/src/main/resources/package/silverpeas-5.5/repository/java/quartz-1.8.4.jar: /home/ehugonnet/NetBeansProjects/izpack-installer/src/main/resources/package/silverpeas-5.5/repository/java/question-reply-jar-5.5.jar: /home/ehugonnet/NetBeansProjects/izpack-installer/src/main/resources/package/silverpeas-5.5/repository/java/quickinfo-jar-5.5.jar: /home/ehugonnet/NetBeansProjects/izpack-installer/src/main/resources/package/silverpeas-5.5/repository/java/quizz-jar-5.5.jar: /home/ehugonnet/NetBeansProjects/izpack-installer/src/main/resources/package/silverpeas-5.5/repository/java/rome-1.0.jar: /home/ehugonnet/NetBeansProjects/izpack-installer/src/main/resources/package/silverpeas-5.5/repository/java/rssaggregator-jar-5.5.jar: /home/ehugonnet/NetBeansProjects/izpack-installer/src/main/resources/package/silverpeas-5.5/repository/java/sandler-1.0.jar: /home/ehugonnet/NetBeansProjects/izpack-installer/src/main/resources/package/silverpeas-5.5/repository/java/sanselan-0.97-incubator.jar: /home/ehugonnet/NetBeansProjects/izpack-installer/src/main/resources/package/silverpeas-5.5/repository/java/scheduleevent-jar-5.5.jar: /home/ehugonnet/NetBeansProjects/izpack-installer/src/main/resources/package/silverpeas-5.5/repository/java/silvercrawler-jar-5.5.jar: /home/ehugonnet/NetBeansProjects/izpack-installer/src/main/resources/package/silverpeas-5.5/repository/java/slf4j-api-1.5.6.jar: /home/ehugonnet/NetBeansProjects/izpack-installer/src/main/resources/package/silverpeas-5.5/repository/java/slf4j-log4j12-1.5.6.jar: /home/ehugonnet/NetBeansProjects/izpack-installer/src/main/resources/package/silverpeas-5.5/repository/java/spring-aop-3.0.5.RELEASE.jar: /home/ehugonnet/NetBeansProjects/izpack-installer/src/main/resources/package/silverpeas-5.5/repository/java/spring-asm-3.0.5.RELEASE.jar: /home/ehugonnet/NetBeansProjects/izpack-installer/src/main/resources/package/silverpeas-5.5/repository/java/spring-beans-3.0.5.RELEASE.jar: /home/ehugonnet/NetBeansProjects/izpack-installer/src/main/resources/package/silverpeas-5.5/repository/java/spring-context-3.0.5.RELEASE.jar: /home/ehugonnet/NetBeansProjects/izpack-installer/src/main/resources/package/silverpeas-5.5/repository/java/spring-context-support-3.0.5.RELEASE.jar: /home/ehugonnet/NetBeansProjects/izpack-installer/src/main/resources/package/silverpeas-5.5/repository/java/spring-core-3.0.5.RELEASE.jar: /home/ehugonnet/NetBeansProjects/izpack-installer/src/main/resources/package/silverpeas-5.5/repository/java/spring-expression-3.0.5.RELEASE.jar: /home/ehugonnet/NetBeansProjects/izpack-installer/src/main/resources/package/silverpeas-5.5/repository/java/spring-jdbc-3.0.5.RELEASE.jar: /home/ehugonnet/NetBeansProjects/izpack-installer/src/main/resources/package/silverpeas-5.5/repository/java/spring-modules-jcr-0.8a.jar: /home/ehugonnet/NetBeansProjects/izpack-installer/src/main/resources/package/silverpeas-5.5/repository/java/spring-orm-3.0.5.RELEASE.jar: /home/ehugonnet/NetBeansProjects/izpack-installer/src/main/resources/package/silverpeas-5.5/repository/java/spring-tx-3.0.5.RELEASE.jar: /home/ehugonnet/NetBeansProjects/izpack-installer/src/main/resources/package/silverpeas-5.5/repository/java/spring-web-3.0.5.RELEASE.jar: /home/ehugonnet/NetBeansProjects/izpack-installer/src/main/resources/package/silverpeas-5.5/repository/java/spring-webmvc-3.0.5.RELEASE.jar: /home/ehugonnet/NetBeansProjects/izpack-installer/src/main/resources/package/silverpeas-5.5/repository/java/standard-1.1.2.jar: /home/ehugonnet/NetBeansProjects/izpack-installer/src/main/resources/package/silverpeas-5.5/repository/java/stringtemplate-3.2.1.jar: /home/ehugonnet/NetBeansProjects/izpack-installer/src/main/resources/package/silverpeas-5.5/repository/java/survey-jar-5.5.jar: /home/ehugonnet/NetBeansProjects/izpack-installer/src/main/resources/package/silverpeas-5.5/repository/java/webpages-jar-5.5.jar: /home/ehugonnet/NetBeansProjects/izpack-installer/src/main/resources/package/silverpeas-5.5/repository/java/whitepages-jar-5.5.jar: /home/ehugonnet/NetBeansProjects/izpack-installer/src/main/resources/package/silverpeas-5.5/repository/java/wiki-jar-5.5.jar: /home/ehugonnet/NetBeansProjects/izpack-installer/src/main/resources/package/silverpeas-5.5/repository/java/xalan-2.6.0.jar: /home/ehugonnet/NetBeansProjects/izpack-installer/src/main/resources/package/silverpeas-5.5/repository/java/xercesImpl-2.6.2.jar: /home/ehugonnet/NetBeansProjects/izpack-installer/src/main/resources/package/silverpeas-5.5/repository/java/xml-apis-1.3.02.jar: /home/ehugonnet/NetBeansProjects/izpack-installer/src/main/resources/package/silverpeas-5.5/repository/java/xmlrpc-2.0.1.jar: /home/ehugonnet/NetBeansProjects/izpack-installer/src/main/resources/package/silverpeas-5.5/repository/java/xom-1.0.jar: " of type "WAR"
merging libraries
adding EJBs

ADDING "/home/ehugonnet/NetBeansProjects/izpack-installer/src/main/resources/package/silverpeas-5.5/repository/war/almanach-war-5.5.war: " of type "WAR"
merging libraries
merging WAR part
adding EJBs

ADDING "/home/ehugonnet/NetBeansProjects/izpack-installer/src/main/resources/package/silverpeas-5.5/repository/war/blog-war-5.5.war: " of type "WAR"
merging libraries
merging WAR part
adding EJBs

ADDING "/home/ehugonnet/NetBeansProjects/izpack-installer/src/main/resources/package/silverpeas-5.5/repository/war/chat-war-5.5.war: " of type "WAR"
merging libraries
merging WAR part
adding EJBs

ADDING "/home/ehugonnet/NetBeansProjects/izpack-installer/src/main/resources/package/silverpeas-5.5/repository/war/classifieds-war-5.5.war: " of type "WAR"
merging libraries
merging WAR part
adding EJBs

ADDING "/home/ehugonnet/NetBeansProjects/izpack-installer/src/main/resources/package/silverpeas-5.5/repository/war/formsonline-war-5.5.war: " of type "WAR"
merging libraries
merging WAR part
adding EJBs

ADDING "/home/ehugonnet/NetBeansProjects/izpack-installer/src/main/resources/package/silverpeas-5.5/repository/war/forums-war-5.5.war: " of type "WAR"
merging libraries
merging WAR part
adding EJBs

ADDING "/home/ehugonnet/NetBeansProjects/izpack-installer/src/main/resources/package/silverpeas-5.5/repository/war/gallery-war-5.5.war: " of type "WAR"
merging libraries
merging WAR part
adding EJBs

ADDING "/home/ehugonnet/NetBeansProjects/izpack-installer/src/main/resources/package/silverpeas-5.5/repository/war/hyperlink-war-5.5.war: " of type "WAR"
merging libraries
merging WAR part
adding EJBs

ADDING "/home/ehugonnet/NetBeansProjects/izpack-installer/src/main/resources/package/silverpeas-5.5/repository/war/infoletter-war-5.5.war: " of type "WAR"
merging libraries
merging WAR part
adding EJBs

ADDING "/home/ehugonnet/NetBeansProjects/izpack-installer/src/main/resources/package/silverpeas-5.5/repository/war/jdbc-connector-war-5.5.war: " of type "WAR"
merging libraries
merging WAR part
adding EJBs

ADDING "/home/ehugonnet/NetBeansProjects/izpack-installer/src/main/resources/package/silverpeas-5.5/repository/war/kmelia-war-5.5.war: " of type "WAR"
merging libraries
merging WAR part
adding EJBs

ADDING "/home/ehugonnet/NetBeansProjects/izpack-installer/src/main/resources/package/silverpeas-5.5/repository/war/mailinglist-war-5.5.war: " of type "WAR"
merging libraries
merging WAR part
adding EJBs

ADDING "/home/ehugonnet/NetBeansProjects/izpack-installer/src/main/resources/package/silverpeas-5.5/repository/war/mydb-war-5.5.war: " of type "WAR"
merging libraries
merging WAR part
adding EJBs

ADDING "/home/ehugonnet/NetBeansProjects/izpack-installer/src/main/resources/package/silverpeas-5.5/repository/war/newsedito-war-5.5.war: " of type "WAR"
merging libraries
merging WAR part
adding EJBs

ADDING "/home/ehugonnet/NetBeansProjects/izpack-installer/src/main/resources/package/silverpeas-5.5/repository/war/process-manager-war-5.5.war: " of type "WAR"
merging libraries
merging WAR part
adding EJBs

ADDING "/home/ehugonnet/NetBeansProjects/izpack-installer/src/main/resources/package/silverpeas-5.5/repository/war/project-manager-war-5.5.war: " of type "WAR"
merging libraries
merging WAR part
adding EJBs

ADDING "/home/ehugonnet/NetBeansProjects/izpack-installer/src/main/resources/package/silverpeas-5.5/repository/war/question-reply-war-5.5.war: " of type "WAR"
merging libraries
merging WAR part
adding EJBs

ADDING "/home/ehugonnet/NetBeansProjects/izpack-installer/src/main/resources/package/silverpeas-5.5/repository/war/quickinfo-war-5.5.war: " of type "WAR"
merging libraries
merging WAR part
adding EJBs

ADDING "/home/ehugonnet/NetBeansProjects/izpack-installer/src/main/resources/package/silverpeas-5.5/repository/war/quizz-war-5.5.war: " of type "WAR"
merging libraries
merging WAR part
adding EJBs

ADDING "/home/ehugonnet/NetBeansProjects/izpack-installer/src/main/resources/package/silverpeas-5.5/repository/war/resources-manager-war-5.5.war: " of type "WAR"
merging libraries
merging WAR part
adding EJBs

ADDING "/home/ehugonnet/NetBeansProjects/izpack-installer/src/main/resources/package/silverpeas-5.5/repository/war/rssaggregator-war-5.5.war: " of type "WAR"
merging libraries
merging WAR part
adding EJBs

ADDING "/home/ehugonnet/NetBeansProjects/izpack-installer/src/main/resources/package/silverpeas-5.5/repository/war/scheduleevent-war-5.5.war: " of type "WAR"
merging libraries
merging WAR part
adding EJBs

ADDING "/home/ehugonnet/NetBeansProjects/izpack-installer/src/main/resources/package/silverpeas-5.5/repository/war/silvercrawler-war-5.5.war: " of type "WAR"
merging libraries
merging WAR part
adding EJBs

ADDING "/home/ehugonnet/NetBeansProjects/izpack-installer/src/main/resources/package/silverpeas-5.5/repository/war/survey-war-5.5.war: " of type "WAR"
merging libraries
merging WAR part
adding EJBs

ADDING "/home/ehugonnet/NetBeansProjects/izpack-installer/src/main/resources/package/silverpeas-5.5/repository/war/war-core-5.5.war: " of type "WAR"
merging libraries
merging WAR part
war-ic.war : already added from "kmelia-war-5.5.war" : "war-core-5.5.war!WEB-INF/classes/com/silverpeas/portlets/MyCheckOutFiles.class" 
war-ic.war : already added from "kmelia-war-5.5.war" : "war-core-5.5.war!WEB-INF/lib/itext-2.1.5.jar" 
war-ic.war : already added from "silvercrawler-war-5.5.war" : "war-core-5.5.war!util/icons/component/silverCrawlerSmall.gif" 
war-ic.war : already added from "silvercrawler-war-5.5.war" : "war-core-5.5.war!util/icons/component/silverCrawlerSmallActiv.gif" 
adding EJBs

ADDING "/home/ehugonnet/NetBeansProjects/izpack-installer/src/main/resources/package/silverpeas-5.5/repository/war/webpages-war-5.5.war: " of type "WAR"
merging libraries
merging WAR part
adding EJBs

ADDING "/home/ehugonnet/NetBeansProjects/izpack-installer/src/main/resources/package/silverpeas-5.5/repository/war/websites-war-5.5.war: " of type "WAR"
merging libraries
merging WAR part
adding EJBs

ADDING "/home/ehugonnet/NetBeansProjects/izpack-installer/src/main/resources/package/silverpeas-5.5/repository/war/whitepages-war-5.5.war: " of type "WAR"
merging libraries
merging WAR part
adding EJBs

ADDING "/home/ehugonnet/NetBeansProjects/izpack-installer/src/main/resources/package/silverpeas-5.5/repository/war/wiki-war-5.5.war: " of type "WAR"
merging libraries
merging WAR part
adding EJBs

ADDING "/home/ehugonnet/NetBeansProjects/izpack-installer/src/main/resources/package/silverpeas-5.5/repository/war/yellowpages-war-5.5.war: " of type "WAR"
merging libraries
merging WAR part
adding EJBs

OK : "silverpeas.ear" successfully builded
Please find them in "/home/ehugonnet/NetBeansProjects/izpack-installer/src/main/resources/package/silverpeas-5.5//jar"
------------------------------
Application Builder Log File - END Mon Jan 31 08:40:47 CET 2011
